Using pre-set license
Built from '2021.3/staging' branch; Version is '2021.3.18f1 (3129e69bc0c7) revision 3221990'; Using compiler version '192829333'; Build Type 'Release'
OS: 'Windows 10  (10.0.19045) 64bit Professional' Language: 'es' Physical Memory: 16344 MB
BatchMode: 1, IsHumanControllingUs: 0, StartBugReporterOnCrash: 0, Is64bit: 1, IsPro: 1

COMMAND LINE ARGUMENTS:
C:\Program Files\Unity\Hub\Editor\2021.3.18f1\Editor\Unity.exe
-adb2
-batchMode
-noUpm
-name
AssetImportWorker0
-projectPath
D:/BACK UP 2023/Proyectos/CarrerasLatam
-logFile
Logs/AssetImportWorker0.log
-srvPort
50212
Successfully changed project path to: D:/BACK UP 2023/Proyectos/CarrerasLatam
D:/BACK UP 2023/Proyectos/CarrerasLatam
[UnityMemory] Configuration Parameters - Can be set up in boot.config
    "memorysetup-bucket-allocator-granularity=16"
    "memorysetup-bucket-allocator-bucket-count=8"
    "memorysetup-bucket-allocator-block-size=33554432"
    "memorysetup-bucket-allocator-block-count=8"
    "memorysetup-main-allocator-block-size=16777216"
    "memorysetup-thread-allocator-block-size=16777216"
    "memorysetup-gfx-main-allocator-block-size=16777216"
    "memorysetup-gfx-thread-allocator-block-size=16777216"
    "memorysetup-cache-allocator-block-size=4194304"
    "memorysetup-typetree-allocator-block-size=2097152"
    "memorysetup-profiler-bucket-allocator-granularity=16"
    "memorysetup-profiler-bucket-allocator-bucket-count=8"
    "memorysetup-profiler-bucket-allocator-block-size=33554432"
    "memorysetup-profiler-bucket-allocator-block-count=8"
    "memorysetup-profiler-allocator-block-size=16777216"
    "memorysetup-profiler-editor-allocator-block-size=1048576"
    "memorysetup-temp-allocator-size-main=16777216"
    "memorysetup-job-temp-allocator-block-size=2097152"
    "memorysetup-job-temp-allocator-block-size-background=1048576"
    "memorysetup-job-temp-allocator-reduction-small-platforms=262144"
    "memorysetup-temp-allocator-size-background-worker=32768"
    "memorysetup-temp-allocator-size-job-worker=262144"
    "memorysetup-temp-allocator-size-preload-manager=33554432"
    "memorysetup-temp-allocator-size-nav-mesh-worker=65536"
    "memorysetup-temp-allocator-size-audio-worker=65536"
    "memorysetup-temp-allocator-size-cloud-worker=32768"
    "memorysetup-temp-allocator-size-gi-baking-worker=262144"
    "memorysetup-temp-allocator-size-gfx=262144"
Player connection [1972] Host "[IP] 192.168.0.129 [Port] 0 [Flags] 2 [Guid] 1916159610 [EditorId] 1916159610 [Version] 1048832 [Id] WindowsEditor(7,DESKTOP-1CIJ789) [Debug] 1 [PackageName] WindowsEditor [ProjectName] Editor" joined multi-casting on [225.0.0.222:54997]...

Player connection [1972] Host "[IP] 192.168.0.129 [Port] 0 [Flags] 2 [Guid] 1916159610 [EditorId] 1916159610 [Version] 1048832 [Id] WindowsEditor(7,DESKTOP-1CIJ789) [Debug] 1 [PackageName] WindowsEditor [ProjectName] Editor" joined alternative multi-casting on [225.0.0.222:34997]...

Refreshing native plugins compatible for Editor in 48.32 ms, found 2 plugins.
Preloading 0 native plugins for Editor in 0.00 ms.
Initialize engine version: 2021.3.18f1 (3129e69bc0c7)
[Subsystems] Discovering subsystems at path C:/Program Files/Unity/Hub/Editor/2021.3.18f1/Editor/Data/Resources/UnitySubsystems
[Subsystems] Discovering subsystems at path D:/BACK UP 2023/Proyectos/CarrerasLatam/Assets
GfxDevice: creating device client; threaded=0; jobified=0
Direct3D:
    Version:  Direct3D 11.0 [level 11.1]
    Renderer: NVIDIA GeForce GTX 1050 Ti (ID=0x1c82)
    Vendor:   NVIDIA
    VRAM:     4017 MB
    Driver:   31.0.15.3203
Initialize mono
Mono path[0] = 'C:/Program Files/Unity/Hub/Editor/2021.3.18f1/Editor/Data/Managed'
Mono path[1] = 'C:/Program Files/Unity/Hub/Editor/2021.3.18f1/Editor/Data/MonoBleedingEdge/lib/mono/unityjit-win32'
Mono config path = 'C:/Program Files/Unity/Hub/Editor/2021.3.18f1/Editor/Data/MonoBleedingEdge/etc'
Using monoOptions --debugger-agent=transport=dt_socket,embedding=1,server=y,suspend=n,address=127.0.0.1:56948
Begin MonoManager ReloadAssembly
Registering precompiled unity dll's ...
Register platform support module: C:/Program Files/Unity/Hub/Editor/2021.3.18f1/Editor/Data/PlaybackEngines/WindowsStandaloneSupport/UnityEditor.WindowsStandalone.Extensions.dll
Registered in 0.008912 seconds.
Native extension for WindowsStandalone target not found
Refreshing native plugins compatible for Editor in 54.98 ms, found 2 plugins.
Preloading 0 native plugins for Editor in 0.00 ms.
Mono: successfully reloaded assembly
- Completed reload, in  0.880 seconds
Domain Reload Profiling:
	ReloadAssembly (881ms)
		BeginReloadAssembly (92ms)
			ExecutionOrderSort (0ms)
			DisableScriptedObjects (0ms)
			BackupInstance (0ms)
			ReleaseScriptingObjects (0ms)
			CreateAndSetChildDomain (2ms)
		EndReloadAssembly (639ms)
			LoadAssemblies (88ms)
			RebuildTransferFunctionScriptingTraits (0ms)
			SetupTypeCache (163ms)
			ReleaseScriptCaches (0ms)
			RebuildScriptCaches (37ms)
			SetupLoadedEditorAssemblies (361ms)
				LogAssemblyErrors (0ms)
				InitializePlatformSupportModulesInManaged (23ms)
				SetLoadedEditorAssemblies (0ms)
				RefreshPlugins (55ms)
				BeforeProcessingInitializeOnLoad (1ms)
				ProcessInitializeOnLoadAttributes (196ms)
				ProcessInitializeOnLoadMethodAttributes (85ms)
				AfterProcessingInitializeOnLoad (0ms)
				EditorAssembliesLoaded (0ms)
			ExecutionOrderSort2 (0ms)
			AwakeInstancesAfterBackupRestoration (0ms)
Platform modules already initialized, skipping
Registering precompiled user dll's ...
Registered in 0.004294 seconds.
Begin MonoManager ReloadAssembly
Native extension for WindowsStandalone target not found
Refreshing native plugins compatible for Editor in 0.42 ms, found 2 plugins.
Preloading 0 native plugins for Editor in 0.00 ms.
Package Manager log level set to [2]
Mono: successfully reloaded assembly
- Completed reload, in  1.192 seconds
Domain Reload Profiling:
	ReloadAssembly (1194ms)
		BeginReloadAssembly (127ms)
			ExecutionOrderSort (0ms)
			DisableScriptedObjects (7ms)
			BackupInstance (0ms)
			ReleaseScriptingObjects (0ms)
			CreateAndSetChildDomain (20ms)
		EndReloadAssembly (934ms)
			LoadAssemblies (89ms)
			RebuildTransferFunctionScriptingTraits (0ms)
			SetupTypeCache (264ms)
			ReleaseScriptCaches (0ms)
			RebuildScriptCaches (92ms)
			SetupLoadedEditorAssemblies (441ms)
				LogAssemblyErrors (0ms)
				InitializePlatformSupportModulesInManaged (6ms)
				SetLoadedEditorAssemblies (1ms)
				RefreshPlugins (0ms)
				BeforeProcessingInitializeOnLoad (65ms)
				ProcessInitializeOnLoadAttributes (332ms)
				ProcessInitializeOnLoadMethodAttributes (26ms)
				AfterProcessingInitializeOnLoad (9ms)
				EditorAssembliesLoaded (0ms)
			ExecutionOrderSort2 (0ms)
			AwakeInstancesAfterBackupRestoration (7ms)
Platform modules already initialized, skipping
========================================================================
Worker process is ready to serve import requests
Launched and connected shader compiler UnityShaderCompiler.exe after 0.06 seconds
Refreshing native plugins compatible for Editor in 0.44 ms, found 2 plugins.
Preloading 0 native plugins for Editor in 0.00 ms.
Unloading 1859 Unused Serialized files (Serialized files now loaded: 0)
Unloading 38 unused Assets / (133.6 KB). Loaded Objects now: 2450.
Memory consumption went from 96.8 MB to 96.7 MB.
Total: 3.020400 ms (FindLiveObjects: 0.192900 ms CreateObjectMapping: 0.165400 ms MarkObjects: 2.552700 ms  DeleteObjects: 0.108500 ms)

AssetImportParameters requested are different than current active one (requested -> active):
  custom:video-decoder-ogg-theora: a1e56fd34408186e4bbccfd4996cb3dc -> 
  custom:container-muxer-webm: aa71ff27fc2769a1b78a27578f13a17b -> 
  custom:container-demuxer-webm: 4f35f7cbe854078d1ac9338744f61a02 -> 
  custom:video-encoder-webm-vp8: eb34c28f22e8b96e1ab97ce403110664 -> 
  custom:audio-encoder-webm-vorbis: bf7c407c2cedff20999df2af8eb42d56 -> 
  custom:framework-win-MediaFoundation: 216162199b28c13a410421893ffa2e32 -> 
  custom:container-demuxer-ogg: 62fdf1f143b41e24485cea50d1cbac27 -> 
  custom:video-decoder-webm-vp8: 9c59270c3fd7afecdb556c50c9e8de78 -> 
  custom:audio-decoder-ogg-vorbis: bf7c407c2cedff20999df2af8eb42d56 -> 
========================================================================
Received Import Request.
  Time since last request: 6179.826931 seconds.
  path: Assets/MasterGroup.mixer
  artifactKey: Guid(0344e7348ef6bae4b9259d440592232a) Importer(815301076,1909f56bfc062723c751e8b465ee728b)
Start importing Assets/MasterGroup.mixer using Guid(0344e7348ef6bae4b9259d440592232a) Importer(815301076,1909f56bfc062723c751e8b465ee728b)  -> (artifact id: '8ba777ccec705e05c741188a85e23fcb') in 0.060754 seconds 
========================================================================
Received Import Request.
  Time since last request: 501.488125 seconds.
  path: Assets/Shaders
  artifactKey: Guid(f70920c9aca37a14c86fff65b98a347a) Importer(815301076,1909f56bfc062723c751e8b465ee728b)
Start importing Assets/Shaders using Guid(f70920c9aca37a14c86fff65b98a347a) Importer(815301076,1909f56bfc062723c751e8b465ee728b)  -> (artifact id: 'a295a380d001e5a5e7b1c4987f9c8390') in 0.013983 seconds 
========================================================================
Received Import Request.
  Time since last request: 4.774065 seconds.
  path: Assets/Scenes/Scalopista.unity
  artifactKey: Guid(68af2379d6c3ae745ae748a3c9d619ba) Importer(815301076,1909f56bfc062723c751e8b465ee728b)
Start importing Assets/Scenes/Scalopista.unity using Guid(68af2379d6c3ae745ae748a3c9d619ba) Importer(815301076,1909f56bfc062723c751e8b465ee728b)  -> (artifact id: 'e59c7c442c64030fc92153c84027a4cd') in 0.013126 seconds 
========================================================================
Received Import Request.
  Time since last request: 2.918226 seconds.
  path: Assets/Scenes/IAsTesting.unity
  artifactKey: Guid(b6cdea3b375fafe4b993605166ba22a5) Importer(815301076,1909f56bfc062723c751e8b465ee728b)
Start importing Assets/Scenes/IAsTesting.unity using Guid(b6cdea3b375fafe4b993605166ba22a5) Importer(815301076,1909f56bfc062723c751e8b465ee728b)  -> (artifact id: 'f1be74a753938679f2df9e1961b562ee') in 0.014858 seconds 
========================================================================
Received Import Request.
  Time since last request: 1.516939 seconds.
  path: Assets/Scenes/PistaArg.unity
  artifactKey: Guid(f5f28bd5349d6084ca917c261c0b6eba) Importer(815301076,1909f56bfc062723c751e8b465ee728b)
Start importing Assets/Scenes/PistaArg.unity using Guid(f5f28bd5349d6084ca917c261c0b6eba) Importer(815301076,1909f56bfc062723c751e8b465ee728b)  -> (artifact id: '79fce8ff3671b2faeed48bcd8de7b685') in 0.013258 seconds 
========================================================================
Received Import Request.
  Time since last request: 122.457712 seconds.
  path: Assets/Shaders/FlagPost.shader
  artifactKey: Guid(ab0236f018554c248aab1b8ffedb7c55) Importer(815301076,1909f56bfc062723c751e8b465ee728b)
Start importing Assets/Shaders/FlagPost.shader using Guid(ab0236f018554c248aab1b8ffedb7c55) Importer(815301076,1909f56bfc062723c751e8b465ee728b)  -> (artifact id: '340fe2a75b45524ec14ddf4a7c7ce877') in 0.020154 seconds 
========================================================================
Received Import Request.
  Time since last request: 63.024071 seconds.
  path: Assets/Shaders/Flag
  artifactKey: Guid(bcb151d1cf0a32f4591d46732396a958) Importer(815301076,1909f56bfc062723c751e8b465ee728b)
Start importing Assets/Shaders/Flag using Guid(bcb151d1cf0a32f4591d46732396a958) Importer(815301076,1909f56bfc062723c751e8b465ee728b)  -> (artifact id: 'e603d6d3ae18ae7ad5ea6729c870086a') in 0.014908 seconds 
========================================================================
Received Import Request.
  Time since last request: 7.653641 seconds.
  path: Assets/Shaders/Flag/Flag.mat
  artifactKey: Guid(aed99568c91a12043a42467af13a117e) Importer(815301076,1909f56bfc062723c751e8b465ee728b)
Start importing Assets/Shaders/Flag/Flag.mat using Guid(aed99568c91a12043a42467af13a117e) Importer(815301076,1909f56bfc062723c751e8b465ee728b)  -> (artifact id: 'df44b0bdeca79578e824df5fa383906d') in 0.114635 seconds 
========================================================================
Received Import Request.
  Time since last request: 113.388249 seconds.
  path: Assets/Shaders/Flag/NewUnlitShader.shader
  artifactKey: Guid(a5cd1961592670e499c02057643e2058) Importer(815301076,1909f56bfc062723c751e8b465ee728b)
Start importing Assets/Shaders/Flag/NewUnlitShader.shader using Guid(a5cd1961592670e499c02057643e2058) Importer(815301076,1909f56bfc062723c751e8b465ee728b)  -> (artifact id: '59d31b1e10cdbb2fc1cb83a91e34bf93') in 0.020692 seconds 
========================================================================
Received Prepare
Registering precompiled user dll's ...
Registered in 0.003955 seconds.
Begin MonoManager ReloadAssembly
Native extension for WindowsStandalone target not found
Refreshing native plugins compatible for Editor in 0.46 ms, found 2 plugins.
Preloading 0 native plugins for Editor in 0.00 ms.
Mono: successfully reloaded assembly
- Completed reload, in  1.047 seconds
Domain Reload Profiling:
	ReloadAssembly (1048ms)
		BeginReloadAssembly (136ms)
			ExecutionOrderSort (0ms)
			DisableScriptedObjects (5ms)
			BackupInstance (0ms)
			ReleaseScriptingObjects (0ms)
			CreateAndSetChildDomain (35ms)
		EndReloadAssembly (793ms)
			LoadAssemblies (86ms)
			RebuildTransferFunctionScriptingTraits (0ms)
			SetupTypeCache (220ms)
			ReleaseScriptCaches (1ms)
			RebuildScriptCaches (64ms)
			SetupLoadedEditorAssemblies (378ms)
				LogAssemblyErrors (0ms)
				InitializePlatformSupportModulesInManaged (15ms)
				SetLoadedEditorAssemblies (1ms)
				RefreshPlugins (1ms)
				BeforeProcessingInitializeOnLoad (56ms)
				ProcessInitializeOnLoadAttributes (253ms)
				ProcessInitializeOnLoadMethodAttributes (37ms)
				AfterProcessingInitializeOnLoad (16ms)
				EditorAssembliesLoaded (0ms)
			ExecutionOrderSort2 (0ms)
			AwakeInstancesAfterBackupRestoration (7ms)
Platform modules already initialized, skipping
Refreshing native plugins compatible for Editor in 1.28 ms, found 2 plugins.
Preloading 0 native plugins for Editor in 0.00 ms.
Unloading 1836 Unused Serialized files (Serialized files now loaded: 0)
Unloading 19 unused Assets / (476.3 KB). Loaded Objects now: 2507.
Memory consumption went from 99.1 MB to 98.7 MB.
Total: 3.113000 ms (FindLiveObjects: 0.197200 ms CreateObjectMapping: 0.064200 ms MarkObjects: 2.569200 ms  DeleteObjects: 0.281500 ms)

AssetImportParameters requested are different than current active one (requested -> active):
  custom:video-decoder-ogg-theora: a1e56fd34408186e4bbccfd4996cb3dc -> 
  custom:container-muxer-webm: aa71ff27fc2769a1b78a27578f13a17b -> 
  custom:container-demuxer-webm: 4f35f7cbe854078d1ac9338744f61a02 -> 
  custom:video-encoder-webm-vp8: eb34c28f22e8b96e1ab97ce403110664 -> 
  custom:audio-encoder-webm-vorbis: bf7c407c2cedff20999df2af8eb42d56 -> 
  custom:framework-win-MediaFoundation: 216162199b28c13a410421893ffa2e32 -> 
  custom:container-demuxer-ogg: 62fdf1f143b41e24485cea50d1cbac27 -> 
  custom:video-decoder-webm-vp8: 9c59270c3fd7afecdb556c50c9e8de78 -> 
  custom:audio-decoder-ogg-vorbis: bf7c407c2cedff20999df2af8eb42d56 -> 
========================================================================
Received Import Request.
  Time since last request: 419.662396 seconds.
  path: Assets/Prefabs/KartGameObject.prefab
  artifactKey: Guid(f8dec3ab131733f42b9ed96973d3a88f) Importer(815301076,1909f56bfc062723c751e8b465ee728b)
Start importing Assets/Prefabs/KartGameObject.prefab using Guid(f8dec3ab131733f42b9ed96973d3a88f) Importer(815301076,1909f56bfc062723c751e8b465ee728b)  -> (artifact id: 'd477f978007bc10859b49af0cae4c89f') in 0.184938 seconds 
========================================================================
Received Import Request.
  Time since last request: 0.000029 seconds.
  path: Assets/Prefabs/Meta.prefab
  artifactKey: Guid(3a58011749c12994db2eb9b094bb2d6c) Importer(815301076,1909f56bfc062723c751e8b465ee728b)
Start importing Assets/Prefabs/Meta.prefab using Guid(3a58011749c12994db2eb9b094bb2d6c) Importer(815301076,1909f56bfc062723c751e8b465ee728b)  -> (artifact id: 'cf1fff32f09277b70c308cb0019e4ebe') in 0.036101 seconds 
========================================================================
Received Import Request.
  Time since last request: 0.000031 seconds.
  path: Assets/Prefabs/Sphere.prefab
  artifactKey: Guid(503eac92bba2d3041b4b5cda5e3772fa) Importer(815301076,1909f56bfc062723c751e8b465ee728b)
Start importing Assets/Prefabs/Sphere.prefab using Guid(503eac92bba2d3041b4b5cda5e3772fa) Importer(815301076,1909f56bfc062723c751e8b465ee728b)  -> (artifact id: 'd281aa512c6c40a9c40e7195143b6a65') in 0.042287 seconds 
========================================================================
Received Import Request.
  Time since last request: 12.840997 seconds.
  path: Assets/Prefabs/box.prefab
  artifactKey: Guid(9d7105a23200e344793cd58065ffa403) Importer(815301076,1909f56bfc062723c751e8b465ee728b)
Start importing Assets/Prefabs/box.prefab using Guid(9d7105a23200e344793cd58065ffa403) Importer(815301076,1909f56bfc062723c751e8b465ee728b)  -> (artifact id: '8f57e2c9e3441e1f8d281395d100101d') in 0.029069 seconds 
========================================================================
Received Import Request.
  Time since last request: 0.000020 seconds.
  path: Assets/Prefabs/KartGameObject.prefab
  artifactKey: Guid(f8dec3ab131733f42b9ed96973d3a88f) Importer(815301076,1909f56bfc062723c751e8b465ee728b)
Start importing Assets/Prefabs/KartGameObject.prefab using Guid(f8dec3ab131733f42b9ed96973d3a88f) Importer(815301076,1909f56bfc062723c751e8b465ee728b)  -> (artifact id: 'e0f26e5545ffb8872bf38fb1e40bd113') in 0.052168 seconds 
========================================================================
Received Import Request.
  Time since last request: 10.354386 seconds.
  path: Assets/Prefabs/Nodo.prefab
  artifactKey: Guid(9d7105a23200e344793cd58065ffa403) Importer(815301076,1909f56bfc062723c751e8b465ee728b)
Start importing Assets/Prefabs/Nodo.prefab using Guid(9d7105a23200e344793cd58065ffa403) Importer(815301076,1909f56bfc062723c751e8b465ee728b)  -> (artifact id: '6f79a69b087d09b0e81dfec37c838453') in 0.030298 seconds 
========================================================================
Received Import Request.
  Time since last request: 5.073718 seconds.
  path: Assets/Prefabs/Box/Box.prefab
  artifactKey: Guid(5550a77dfba3a48429f65baa072d2e78) Importer(815301076,1909f56bfc062723c751e8b465ee728b)
Start importing Assets/Prefabs/Box/Box.prefab using Guid(5550a77dfba3a48429f65baa072d2e78) Importer(815301076,1909f56bfc062723c751e8b465ee728b)  -> (artifact id: '1d2d398b57d941cde5003e17881a2fa3') in 0.024127 seconds 
========================================================================
Received Import Request.
  Time since last request: 38.279309 seconds.
  path: Assets/Prefabs/Box/Box.prefab
  artifactKey: Guid(5550a77dfba3a48429f65baa072d2e78) Importer(815301076,1909f56bfc062723c751e8b465ee728b)
Start importing Assets/Prefabs/Box/Box.prefab using Guid(5550a77dfba3a48429f65baa072d2e78) Importer(815301076,1909f56bfc062723c751e8b465ee728b)  -> (artifact id: '8af7f8edf9e230cbabb55ab3192f6532') in 0.012204 seconds 
========================================================================
Received Prepare
Registering precompiled user dll's ...
Registered in 0.003913 seconds.
Begin MonoManager ReloadAssembly
Native extension for WindowsStandalone target not found
Refreshing native plugins compatible for Editor in 0.55 ms, found 2 plugins.
Preloading 0 native plugins for Editor in 0.00 ms.
Mono: successfully reloaded assembly
- Completed reload, in  1.076 seconds
Domain Reload Profiling:
	ReloadAssembly (1076ms)
		BeginReloadAssembly (139ms)
			ExecutionOrderSort (0ms)
			DisableScriptedObjects (5ms)
			BackupInstance (0ms)
			ReleaseScriptingObjects (0ms)
			CreateAndSetChildDomain (37ms)
		EndReloadAssembly (828ms)
			LoadAssemblies (89ms)
			RebuildTransferFunctionScriptingTraits (0ms)
			SetupTypeCache (234ms)
			ReleaseScriptCaches (1ms)
			RebuildScriptCaches (53ms)
			SetupLoadedEditorAssemblies (398ms)
				LogAssemblyErrors (0ms)
				InitializePlatformSupportModulesInManaged (23ms)
				SetLoadedEditorAssemblies (1ms)
				RefreshPlugins (1ms)
				BeforeProcessingInitializeOnLoad (74ms)
				ProcessInitializeOnLoadAttributes (268ms)
				ProcessInitializeOnLoadMethodAttributes (23ms)
				AfterProcessingInitializeOnLoad (9ms)
				EditorAssembliesLoaded (0ms)
			ExecutionOrderSort2 (0ms)
			AwakeInstancesAfterBackupRestoration (6ms)
Platform modules already initialized, skipping
Refreshing native plugins compatible for Editor in 1.28 ms, found 2 plugins.
Preloading 0 native plugins for Editor in 0.00 ms.
Unloading 1836 Unused Serialized files (Serialized files now loaded: 0)
Unloading 19 unused Assets / (476.3 KB). Loaded Objects now: 2528.
Memory consumption went from 99.3 MB to 98.8 MB.
Total: 2.840700 ms (FindLiveObjects: 0.171300 ms CreateObjectMapping: 0.062400 ms MarkObjects: 2.319200 ms  DeleteObjects: 0.287000 ms)

AssetImportParameters requested are different than current active one (requested -> active):
  custom:video-decoder-ogg-theora: a1e56fd34408186e4bbccfd4996cb3dc -> 
  custom:container-muxer-webm: aa71ff27fc2769a1b78a27578f13a17b -> 
  custom:container-demuxer-webm: 4f35f7cbe854078d1ac9338744f61a02 -> 
  custom:video-encoder-webm-vp8: eb34c28f22e8b96e1ab97ce403110664 -> 
  custom:audio-encoder-webm-vorbis: bf7c407c2cedff20999df2af8eb42d56 -> 
  custom:framework-win-MediaFoundation: 216162199b28c13a410421893ffa2e32 -> 
  custom:container-demuxer-ogg: 62fdf1f143b41e24485cea50d1cbac27 -> 
  custom:video-decoder-webm-vp8: 9c59270c3fd7afecdb556c50c9e8de78 -> 
  custom:audio-decoder-ogg-vorbis: bf7c407c2cedff20999df2af8eb42d56 -> 
========================================================================
Received Import Request.
  Time since last request: 6.649307 seconds.
  path: Assets/Prefabs/Box/Box.prefab
  artifactKey: Guid(5550a77dfba3a48429f65baa072d2e78) Importer(815301076,1909f56bfc062723c751e8b465ee728b)
Start importing Assets/Prefabs/Box/Box.prefab using Guid(5550a77dfba3a48429f65baa072d2e78) Importer(815301076,1909f56bfc062723c751e8b465ee728b)  -> (artifact id: '8af7f8edf9e230cbabb55ab3192f6532') in 0.057771 seconds 
========================================================================
Received Import Request.
  Time since last request: 94.300837 seconds.
  path: Assets/Prefabs/Box/Box.prefab
  artifactKey: Guid(5550a77dfba3a48429f65baa072d2e78) Importer(815301076,1909f56bfc062723c751e8b465ee728b)
Start importing Assets/Prefabs/Box/Box.prefab using Guid(5550a77dfba3a48429f65baa072d2e78) Importer(815301076,1909f56bfc062723c751e8b465ee728b)  -> (artifact id: 'af17c37ed76694f3b36ed45c4caa6c31') in 0.007987 seconds 
========================================================================
Received Prepare
Registering precompiled user dll's ...
Registered in 0.005013 seconds.
Begin MonoManager ReloadAssembly
Native extension for WindowsStandalone target not found
Refreshing native plugins compatible for Editor in 0.42 ms, found 2 plugins.
Preloading 0 native plugins for Editor in 0.00 ms.
Mono: successfully reloaded assembly
- Completed reload, in  1.199 seconds
Domain Reload Profiling:
	ReloadAssembly (1200ms)
		BeginReloadAssembly (211ms)
			ExecutionOrderSort (0ms)
			DisableScriptedObjects (6ms)
			BackupInstance (0ms)
			ReleaseScriptingObjects (0ms)
			CreateAndSetChildDomain (89ms)
		EndReloadAssembly (877ms)
			LoadAssemblies (110ms)
			RebuildTransferFunctionScriptingTraits (0ms)
			SetupTypeCache (269ms)
			ReleaseScriptCaches (1ms)
			RebuildScriptCaches (87ms)
			SetupLoadedEditorAssemblies (381ms)
				LogAssemblyErrors (0ms)
				InitializePlatformSupportModulesInManaged (13ms)
				SetLoadedEditorAssemblies (0ms)
				RefreshPlugins (0ms)
				BeforeProcessingInitializeOnLoad (76ms)
				ProcessInitializeOnLoadAttributes (250ms)
				ProcessInitializeOnLoadMethodAttributes (29ms)
				AfterProcessingInitializeOnLoad (12ms)
				EditorAssembliesLoaded (0ms)
			ExecutionOrderSort2 (0ms)
			AwakeInstancesAfterBackupRestoration (10ms)
Platform modules already initialized, skipping
Refreshing native plugins compatible for Editor in 1.52 ms, found 2 plugins.
Preloading 0 native plugins for Editor in 0.00 ms.
Unloading 1836 Unused Serialized files (Serialized files now loaded: 0)
Unloading 19 unused Assets / (476.3 KB). Loaded Objects now: 2544.
Memory consumption went from 99.3 MB to 98.8 MB.
Total: 3.191200 ms (FindLiveObjects: 0.170000 ms CreateObjectMapping: 0.066300 ms MarkObjects: 2.673900 ms  DeleteObjects: 0.279900 ms)

AssetImportParameters requested are different than current active one (requested -> active):
  custom:video-decoder-ogg-theora: a1e56fd34408186e4bbccfd4996cb3dc -> 
  custom:container-muxer-webm: aa71ff27fc2769a1b78a27578f13a17b -> 
  custom:container-demuxer-webm: 4f35f7cbe854078d1ac9338744f61a02 -> 
  custom:video-encoder-webm-vp8: eb34c28f22e8b96e1ab97ce403110664 -> 
  custom:audio-encoder-webm-vorbis: bf7c407c2cedff20999df2af8eb42d56 -> 
  custom:framework-win-MediaFoundation: 216162199b28c13a410421893ffa2e32 -> 
  custom:container-demuxer-ogg: 62fdf1f143b41e24485cea50d1cbac27 -> 
  custom:video-decoder-webm-vp8: 9c59270c3fd7afecdb556c50c9e8de78 -> 
  custom:audio-decoder-ogg-vorbis: bf7c407c2cedff20999df2af8eb42d56 -> 
========================================================================
Received Import Request.
  Time since last request: 5.796105 seconds.
  path: Assets/Prefabs/Box/Box.prefab
  artifactKey: Guid(5550a77dfba3a48429f65baa072d2e78) Importer(815301076,1909f56bfc062723c751e8b465ee728b)
Start importing Assets/Prefabs/Box/Box.prefab using Guid(5550a77dfba3a48429f65baa072d2e78) Importer(815301076,1909f56bfc062723c751e8b465ee728b)  -> (artifact id: 'af17c37ed76694f3b36ed45c4caa6c31') in 0.069663 seconds 
========================================================================
Received Import Request.
  Time since last request: 376.333301 seconds.
  path: Assets/Prefabs/Box/Box.prefab
  artifactKey: Guid(5550a77dfba3a48429f65baa072d2e78) Importer(815301076,1909f56bfc062723c751e8b465ee728b)
Start importing Assets/Prefabs/Box/Box.prefab using Guid(5550a77dfba3a48429f65baa072d2e78) Importer(815301076,1909f56bfc062723c751e8b465ee728b)  -> (artifact id: '71b1d52cd38183d844e385b2b3cce5b6') in 0.009744 seconds 
========================================================================
Received Prepare
Registering precompiled user dll's ...
Registered in 0.003520 seconds.
Begin MonoManager ReloadAssembly
Native extension for WindowsStandalone target not found
Refreshing native plugins compatible for Editor in 0.42 ms, found 2 plugins.
Preloading 0 native plugins for Editor in 0.00 ms.
Mono: successfully reloaded assembly
- Completed reload, in  1.112 seconds
Domain Reload Profiling:
	ReloadAssembly (1113ms)
		BeginReloadAssembly (188ms)
			ExecutionOrderSort (0ms)
			DisableScriptedObjects (5ms)
			BackupInstance (0ms)
			ReleaseScriptingObjects (0ms)
			CreateAndSetChildDomain (39ms)
		EndReloadAssembly (815ms)
			LoadAssemblies (135ms)
			RebuildTransferFunctionScriptingTraits (0ms)
			SetupTypeCache (225ms)
			ReleaseScriptCaches (1ms)
			RebuildScriptCaches (72ms)
			SetupLoadedEditorAssemblies (384ms)
				LogAssemblyErrors (0ms)
				InitializePlatformSupportModulesInManaged (16ms)
				SetLoadedEditorAssemblies (1ms)
				RefreshPlugins (0ms)
				BeforeProcessingInitializeOnLoad (59ms)
				ProcessInitializeOnLoadAttributes (274ms)
				ProcessInitializeOnLoadMethodAttributes (24ms)
				AfterProcessingInitializeOnLoad (9ms)
				EditorAssembliesLoaded (0ms)
			ExecutionOrderSort2 (0ms)
			AwakeInstancesAfterBackupRestoration (7ms)
Platform modules already initialized, skipping
Refreshing native plugins compatible for Editor in 1.43 ms, found 2 plugins.
Preloading 0 native plugins for Editor in 0.00 ms.
Unloading 1836 Unused Serialized files (Serialized files now loaded: 0)
Unloading 19 unused Assets / (476.4 KB). Loaded Objects now: 2560.
Memory consumption went from 99.4 MB to 99.0 MB.
Total: 2.512000 ms (FindLiveObjects: 0.175300 ms CreateObjectMapping: 0.070900 ms MarkObjects: 2.038400 ms  DeleteObjects: 0.226500 ms)

AssetImportParameters requested are different than current active one (requested -> active):
  custom:video-decoder-ogg-theora: a1e56fd34408186e4bbccfd4996cb3dc -> 
  custom:container-muxer-webm: aa71ff27fc2769a1b78a27578f13a17b -> 
  custom:container-demuxer-webm: 4f35f7cbe854078d1ac9338744f61a02 -> 
  custom:video-encoder-webm-vp8: eb34c28f22e8b96e1ab97ce403110664 -> 
  custom:audio-encoder-webm-vorbis: bf7c407c2cedff20999df2af8eb42d56 -> 
  custom:framework-win-MediaFoundation: 216162199b28c13a410421893ffa2e32 -> 
  custom:container-demuxer-ogg: 62fdf1f143b41e24485cea50d1cbac27 -> 
  custom:video-decoder-webm-vp8: 9c59270c3fd7afecdb556c50c9e8de78 -> 
  custom:audio-decoder-ogg-vorbis: bf7c407c2cedff20999df2af8eb42d56 -> 
========================================================================
Received Import Request.
  Time since last request: 80.402445 seconds.
  path: Assets/Prefabs/Box/BoxCoin.prefab
  artifactKey: Guid(ee48c8eeba685684f86d2257279d02fb) Importer(815301076,1909f56bfc062723c751e8b465ee728b)
Start importing Assets/Prefabs/Box/BoxCoin.prefab using Guid(ee48c8eeba685684f86d2257279d02fb) Importer(815301076,1909f56bfc062723c751e8b465ee728b)  -> (artifact id: 'd42e8fe329d86f27cf7b95c519854501') in 0.094484 seconds 
========================================================================
Received Prepare
Registering precompiled user dll's ...
Registered in 0.003683 seconds.
Begin MonoManager ReloadAssembly
Native extension for WindowsStandalone target not found
Refreshing native plugins compatible for Editor in 0.42 ms, found 2 plugins.
Preloading 0 native plugins for Editor in 0.00 ms.
Mono: successfully reloaded assembly
- Completed reload, in  1.064 seconds
Domain Reload Profiling:
	ReloadAssembly (1067ms)
		BeginReloadAssembly (147ms)
			ExecutionOrderSort (0ms)
			DisableScriptedObjects (19ms)
			BackupInstance (0ms)
			ReleaseScriptingObjects (0ms)
			CreateAndSetChildDomain (31ms)
		EndReloadAssembly (807ms)
			LoadAssemblies (88ms)
			RebuildTransferFunctionScriptingTraits (0ms)
			SetupTypeCache (230ms)
			ReleaseScriptCaches (1ms)
			RebuildScriptCaches (47ms)
			SetupLoadedEditorAssemblies (393ms)
				LogAssemblyErrors (0ms)
				InitializePlatformSupportModulesInManaged (16ms)
				SetLoadedEditorAssemblies (1ms)
				RefreshPlugins (0ms)
				BeforeProcessingInitializeOnLoad (51ms)
				ProcessInitializeOnLoadAttributes (286ms)
				ProcessInitializeOnLoadMethodAttributes (31ms)
				AfterProcessingInitializeOnLoad (9ms)
				EditorAssembliesLoaded (0ms)
			ExecutionOrderSort2 (0ms)
			AwakeInstancesAfterBackupRestoration (9ms)
Platform modules already initialized, skipping
Refreshing native plugins compatible for Editor in 2.14 ms, found 2 plugins.
Preloading 0 native plugins for Editor in 0.00 ms.
Unloading 1836 Unused Serialized files (Serialized files now loaded: 0)
Unloading 19 unused Assets / (476.5 KB). Loaded Objects now: 2576.
Memory consumption went from 99.4 MB to 99.0 MB.
Total: 4.819400 ms (FindLiveObjects: 0.179300 ms CreateObjectMapping: 0.072200 ms MarkObjects: 4.016600 ms  DeleteObjects: 0.549900 ms)

AssetImportParameters requested are different than current active one (requested -> active):
  custom:video-decoder-ogg-theora: a1e56fd34408186e4bbccfd4996cb3dc -> 
  custom:container-muxer-webm: aa71ff27fc2769a1b78a27578f13a17b -> 
  custom:container-demuxer-webm: 4f35f7cbe854078d1ac9338744f61a02 -> 
  custom:video-encoder-webm-vp8: eb34c28f22e8b96e1ab97ce403110664 -> 
  custom:audio-encoder-webm-vorbis: bf7c407c2cedff20999df2af8eb42d56 -> 
  custom:framework-win-MediaFoundation: 216162199b28c13a410421893ffa2e32 -> 
  custom:container-demuxer-ogg: 62fdf1f143b41e24485cea50d1cbac27 -> 
  custom:video-decoder-webm-vp8: 9c59270c3fd7afecdb556c50c9e8de78 -> 
  custom:audio-decoder-ogg-vorbis: bf7c407c2cedff20999df2af8eb42d56 -> 
